<?xml version="1.0" encoding="UTF-8"?>
<!-- Generated by org.testng.reporters.JUnitXMLReporter -->
<testsuite ignored="1" hostname="DESKTOP-9LLI94A" failures="0" tests="1" name="Default test" time="25.949" errors="0" timestamp="2022-08-25T21:49:48 IST">
  <testcase classname="com.bridgelabz.locators.Id_Locators" name="CreateAccount" time="25.913"/>
  <testcase classname="com.bridgelabz.locators.Id_Locators" name="IdLocator" time="0.0">
    <ignored/>
  </testcase> <!-- IdLocator -->
</testsuite> <!-- Default test -->
