<?xml version="1.0" encoding="UTF-8"?>
<testng-results ignored="0" total="1" passed="1" failed="0" skipped="0">
  <reporter-output>
  </reporter-output>
  <suite started-at="2022-09-02T20:29:13 IST" name="Default suite" finished-at="2022-09-02T20:29:23 IST" duration-ms="10298">
    <groups>
    </groups>
    <test started-at="2022-09-02T20:29:13 IST" name="Default test" finished-at="2022-09-02T20:29:23 IST" duration-ms="10298">
      <class name="com.bridgelabz.actionclass.ContextClickusingActionsClass">
        <test-method signature="verifyContextClickusingActionsClass()[pri:0, instance:com.bridgelabz.actionclass.ContextClickusingActionsClass@28eaa59a]" started-at="2022-09-02T20:29:13 IST" name="verifyContextClickusingActionsClass" finished-at="2022-09-02T20:29:23 IST" duration-ms="10270" status="PASS">
          <reporter-output>
          </reporter-output>
        </test-method> <!-- verifyContextClickusingActionsClass -->
      </class> <!-- com.bridgelabz.actionclass.ContextClickusingActionsClass -->
    </test> <!-- Default test -->
  </suite> <!-- Default suite -->
</testng-results>
