<?xml version="1.0" encoding="UTF-8"?>
<testng-results ignored="1" total="2" passed="1" failed="0" skipped="0">
  <reporter-output>
  </reporter-output>
  <suite started-at="2022-08-25T21:49:22 IST" name="Default suite" finished-at="2022-08-25T21:49:48 IST" duration-ms="25949">
    <groups>
    </groups>
    <test started-at="2022-08-25T21:49:22 IST" name="Default test" finished-at="2022-08-25T21:49:48 IST" duration-ms="25949">
      <class name="com.bridgelabz.locators.Id_Locators">
        <test-method signature="CreateAccount()[pri:0, instance:com.bridgelabz.locators.Id_Locators@3427b02d]" started-at="2022-08-25T21:49:22 IST" name="CreateAccount" finished-at="2022-08-25T21:49:48 IST" duration-ms="25913" status="PASS">
          <reporter-output>
          </reporter-output>
        </test-method> <!-- CreateAccount -->
      </class> <!-- com.bridgelabz.locators.Id_Locators -->
    </test> <!-- Default test -->
  </suite> <!-- Default suite -->
</testng-results>
